TH1D::Sumw2:0: RuntimeWarning: Sum of squares of weights structure already created
TH1D::Sumw2:0: RuntimeWarning: Sum of squares of weights structure already created
TH1D::Sumw2:0: RuntimeWarning: Sum of squares of weights structure already created
TH1D::Sumw2:0: RuntimeWarning: Sum of squares of weights structure already created
TH1D::Sumw2:0: RuntimeWarning: Sum of squares of weights structure already created
TH1D::Sumw2:0: RuntimeWarning: Sum of squares of weights structure already created
Add file: ../../vbfH.root
Event: 0
Event: 1000
Event: 2000
Event: 3000
Event: 4000
Event: 5000
Event: 6000
Event: 7000
Event: 8000
Event: 9000
Event: 10000
Event: 11000
Event: 12000
Event: 13000
Event: 14000
Event: 15000
Event: 16000
Event: 17000
Event: 18000
Event: 19000
Event: 20000
Event: 21000
Event: 22000
Event: 23000
Event: 24000
Event: 25000
Event: 26000
Event: 27000
Event: 28000
Event: 29000
Histograms saved into file: histograms.VBFH.AlgDefault.root
Histograms saved into file: histograms.VBFH.AlgDefault.root
Histograms saved into file: histograms.VBFH.AlgSF.root
Histograms saved into file: histograms.VBFH.AlgDefault.root
Histograms saved into file: histograms.VBFH.AlgSF.root
Histograms saved into file: histograms.VBFH.AlgDF.root
all ok
